<?xml version="1.0" encoding="UTF-8"?>
<coverage generated="1724135893163" clover="3.2.0">
  <project timestamp="1724135893163" name="All files">
    <metrics statements="29" coveredstatements="28" conditionals="8" coveredconditionals="6" methods="9" coveredmethods="9" elements="46" coveredelements="43" complexity="0" loc="29" ncloc="29" packages="1" files="1" classes="1"/>
    <file name="TodoList.jsx" path="/Users/nur/Desktop/Antra/antra-assignments/advanced_training/coding_assignments/assignment14/unit-test-hw/src/components/TodoList/TodoList.jsx">
      <metrics statements="29" coveredstatements="28" conditionals="8" coveredconditionals="6" methods="9" coveredmethods="9"/>
      <line num="4" count="11" type="stmt"/>
      <line num="5" count="11" type="stmt"/>
      <line num="6" count="11" type="stmt"/>
      <line num="7" count="11" type="stmt"/>
      <line num="9" count="11" type="stmt"/>
      <line num="10" count="4" type="stmt"/>
      <line num="11" count="4" type="stmt"/>
      <line num="12" count="4" type="stmt"/>
      <line num="15" count="3" type="cond" truecount="1" falsecount="1"/>
      <line num="16" count="0" type="stmt"/>
      <line num="18" count="3" type="stmt"/>
      <line num="19" count="3" type="stmt"/>
      <line num="20" count="3" type="stmt"/>
      <line num="22" count="1" type="stmt"/>
      <line num="23" count="1" type="stmt"/>
      <line num="27" count="4" type="stmt"/>
      <line num="30" count="11" type="stmt"/>
      <line num="31" count="1" type="cond" truecount="1" falsecount="1"/>
      <line num="32" count="1" type="stmt"/>
      <line num="37" count="1" type="stmt"/>
      <line num="38" count="1" type="stmt"/>
      <line num="42" count="11" type="stmt"/>
      <line num="43" count="5" type="stmt"/>
      <line num="46" count="11" type="cond" truecount="2" falsecount="0"/>
      <line num="47" count="7" type="cond" truecount="2" falsecount="0"/>
      <line num="49" count="6" type="stmt"/>
      <line num="54" count="1" type="stmt"/>
      <line num="60" count="30" type="stmt"/>
      <line num="62" count="1" type="stmt"/>
    </file>
  </project>
</coverage>
