{"/Users/nur/Desktop/Antra/antra-assignments/advanced_training/coding_assignments/assignment14/unit-test-hw/src/components/TodoList/TodoList.jsx": {"path":"/Users/nur/Desktop/Antra/antra-assignments/advanced_training/coding_assignments/assignment14/unit-test-hw/src/components/TodoList/TodoList.jsx","statementMap":{"0":{"start":{"line":4,"column":28},"end":{"line":4,"column":40}},"1":{"start":{"line":5,"column":38},"end":{"line":5,"column":50}},"2":{"start":{"line":6,"column":32},"end":{"line":6,"column":46}},"3":{"start":{"line":7,"column":28},"end":{"line":7,"column":42}},"4":{"start":{"line":9,"column":2},"end":{"line":28,"column":9}},"5":{"start":{"line":10,"column":23},"end":{"line":25,"column":5}},"6":{"start":{"line":11,"column":6},"end":{"line":24,"column":7}},"7":{"start":{"line":12,"column":25},"end":{"line":14,"column":9}},"8":{"start":{"line":15,"column":8},"end":{"line":17,"column":9}},"9":{"start":{"line":16,"column":10},"end":{"line":16,"column":51}},"10":{"start":{"line":18,"column":21},"end":{"line":18,"column":42}},"11":{"start":{"line":19,"column":8},"end":{"line":19,"column":36}},"12":{"start":{"line":20,"column":8},"end":{"line":20,"column":26}},"13":{"start":{"line":22,"column":8},"end":{"line":22,"column":32}},"14":{"start":{"line":23,"column":8},"end":{"line":23,"column":26}},"15":{"start":{"line":27,"column":4},"end":{"line":27,"column":17}},"16":{"start":{"line":30,"column":18},"end":{"line":40,"column":3}},"17":{"start":{"line":31,"column":4},"end":{"line":39,"column":5}},"18":{"start":{"line":32,"column":22},"end":{"line":36,"column":7}},"19":{"start":{"line":37,"column":6},"end":{"line":37,"column":36}},"20":{"start":{"line":38,"column":6},"end":{"line":38,"column":24}},"21":{"start":{"line":42,"column":21},"end":{"line":44,"column":3}},"22":{"start":{"line":43,"column":4},"end":{"line":43,"column":53}},"23":{"start":{"line":43,"column":36},"end":{"line":43,"column":50}},"24":{"start":{"line":46,"column":2},"end":{"line":46,"column":40}},"25":{"start":{"line":46,"column":15},"end":{"line":46,"column":40}},"26":{"start":{"line":47,"column":2},"end":{"line":47,"column":42}},"27":{"start":{"line":47,"column":13},"end":{"line":47,"column":42}},"28":{"start":{"line":49,"column":2},"end":{"line":67,"column":4}},"29":{"start":{"line":54,"column":25},"end":{"line":54,"column":54}},"30":{"start":{"line":60,"column":10},"end":{"line":63,"column":15}},"31":{"start":{"line":62,"column":35},"end":{"line":62,"column":54}}},"fnMap":{"0":{"name":"TodoList","decl":{"start":{"line":3,"column":9},"end":{"line":3,"column":17}},"loc":{"start":{"line":3,"column":20},"end":{"line":68,"column":1}},"line":3},"1":{"name":"(anonymous_1)","decl":{"start":{"line":9,"column":12},"end":{"line":9,"column":13}},"loc":{"start":{"line":9,"column":18},"end":{"line":28,"column":3}},"line":9},"2":{"name":"(anonymous_2)","decl":{"start":{"line":10,"column":23},"end":{"line":10,"column":24}},"loc":{"start":{"line":10,"column":35},"end":{"line":25,"column":5}},"line":10},"3":{"name":"(anonymous_3)","decl":{"start":{"line":30,"column":18},"end":{"line":30,"column":19}},"loc":{"start":{"line":30,"column":24},"end":{"line":40,"column":3}},"line":30},"4":{"name":"(anonymous_4)","decl":{"start":{"line":42,"column":21},"end":{"line":42,"column":22}},"loc":{"start":{"line":42,"column":29},"end":{"line":44,"column":3}},"line":42},"5":{"name":"(anonymous_5)","decl":{"start":{"line":43,"column":26},"end":{"line":43,"column":27}},"loc":{"start":{"line":43,"column":36},"end":{"line":43,"column":50}},"line":43},"6":{"name":"(anonymous_6)","decl":{"start":{"line":54,"column":18},"end":{"line":54,"column":19}},"loc":{"start":{"line":54,"column":25},"end":{"line":54,"column":54}},"line":54},"7":{"name":"(anonymous_7)","decl":{"start":{"line":59,"column":19},"end":{"line":59,"column":20}},"loc":{"start":{"line":60,"column":10},"end":{"line":63,"column":15}},"line":60},"8":{"name":"(anonymous_8)","decl":{"start":{"line":62,"column":29},"end":{"line":62,"column":30}},"loc":{"start":{"line":62,"column":35},"end":{"line":62,"column":54}},"line":62}},"branchMap":{"0":{"loc":{"start":{"line":15,"column":8},"end":{"line":17,"column":9}},"type":"if","locations":[{"start":{"line":15,"column":8},"end":{"line":17,"column":9}},{"start":{},"end":{}}],"line":15},"1":{"loc":{"start":{"line":31,"column":4},"end":{"line":39,"column":5}},"type":"if","locations":[{"start":{"line":31,"column":4},"end":{"line":39,"column":5}},{"start":{},"end":{}}],"line":31},"2":{"loc":{"start":{"line":46,"column":2},"end":{"line":46,"column":40}},"type":"if","locations":[{"start":{"line":46,"column":2},"end":{"line":46,"column":40}},{"start":{},"end":{}}],"line":46},"3":{"loc":{"start":{"line":47,"column":2},"end":{"line":47,"column":42}},"type":"if","locations":[{"start":{"line":47,"column":2},"end":{"line":47,"column":42}},{"start":{},"end":{}}],"line":47}},"s":{"0":11,"1":11,"2":11,"3":11,"4":11,"5":4,"6":4,"7":4,"8":3,"9":0,"10":3,"11":3,"12":3,"13":1,"14":1,"15":4,"16":11,"17":1,"18":1,"19":1,"20":1,"21":11,"22":1,"23":5,"24":11,"25":4,"26":7,"27":1,"28":6,"29":1,"30":30,"31":1},"f":{"0":11,"1":4,"2":4,"3":1,"4":1,"5":5,"6":1,"7":30,"8":1},"b":{"0":[0,3],"1":[1,0],"2":[4,7],"3":[1,6]},"_coverageSchema":"1a1c01bbd47fc00a2c39e90264f33305004495a9","hash":"59b1f278e56041dd438e5fe1f35eb2ee2c838fd6"}
}
