TN:
SF:src/components/TodoList/TodoList.jsx
FN:3,TodoList
FN:9,(anonymous_1)
FN:10,(anonymous_2)
FN:30,(anonymous_3)
FN:42,(anonymous_4)
FN:43,(anonymous_5)
FN:54,(anonymous_6)
FN:59,(anonymous_7)
FN:62,(anonymous_8)
FNF:9
FNH:9
FNDA:11,TodoList
FNDA:4,(anonymous_1)
FNDA:4,(anonymous_2)
FNDA:1,(anonymous_3)
FNDA:1,(anonymous_4)
FNDA:5,(anonymous_5)
FNDA:1,(anonymous_6)
FNDA:30,(anonymous_7)
FNDA:1,(anonymous_8)
DA:4,11
DA:5,11
DA:6,11
DA:7,11
DA:9,11
DA:10,4
DA:11,4
DA:12,4
DA:15,3
DA:16,0
DA:18,3
DA:19,3
DA:20,3
DA:22,1
DA:23,1
DA:27,4
DA:30,11
DA:31,1
DA:32,1
DA:37,1
DA:38,1
DA:42,11
DA:43,5
DA:46,11
DA:47,7
DA:49,6
DA:54,1
DA:60,30
DA:62,1
LF:29
LH:28
BRDA:15,0,0,0
BRDA:15,0,1,3
BRDA:31,1,0,1
BRDA:31,1,1,0
BRDA:46,2,0,4
BRDA:46,2,1,7
BRDA:47,3,0,1
BRDA:47,3,1,6
BRF:8
BRH:6
end_of_record
